2023-02-13T19:38:36.385+05:30  INFO 9500 --- [restartedMain] c.s.springboot.SpringbootApplication     : Starting SpringbootApplication using Java 17.0.5 with PID 9500 (D:\Documents\GitHub\Learn-SpringBoot\springboot\target\classes started by HP in D:\Documents\GitHub\Learn-SpringBoot\springboot)
2023-02-13T19:38:36.385+05:30  INFO 9500 --- [restartedMain] c.s.springboot.SpringbootApplication     : No active profile set, falling back to 1 default profile: "default"
2023-02-13T19:38:36.511+05:30  INFO 9500 --- [restartedMain] .s.d.r.c.RepositoryConfigurationDelegate : Bootstrapping Spring Data JPA repositories in DEFAULT mode.
2023-02-13T19:38:36.522+05:30  INFO 9500 --- [restartedMain] .s.d.r.c.RepositoryConfigurationDelegate : Finished Spring Data repository scanning in 10 ms. Found 4 JPA repository interfaces.
2023-02-13T19:38:36.583+05:30  INFO 9500 --- [restartedMain] o.s.b.w.embedded.tomcat.TomcatWebServer  : Tomcat initialized with port(s): 8080 (http)
2023-02-13T19:38:36.583+05:30  INFO 9500 --- [restartedMain] o.apache.catalina.core.StandardService   : Starting service [Tomcat]
2023-02-13T19:38:36.583+05:30  INFO 9500 --- [restartedMain] o.apache.catalina.core.StandardEngine    : Starting Servlet engine: [Apache Tomcat/10.1.5]
2023-02-13T19:38:36.598+05:30  INFO 9500 --- [restartedMain] o.a.c.c.C.[Tomcat-7].[localhost].[/]     : Initializing Spring embedded WebApplicationContext
2023-02-13T19:38:36.599+05:30  INFO 9500 --- [restartedMain] w.s.c.ServletWebServerApplicationContext : Root WebApplicationContext: initialization completed in 212 ms
2023-02-13T19:38:36.628+05:30  INFO 9500 --- [restartedMain] o.hibernate.jpa.internal.util.LogHelper  : HHH000204: Processing PersistenceUnitInfo [name: default]
2023-02-13T19:38:36.631+05:30  WARN 9500 --- [restartedMain] org.hibernate.orm.deprecation            : HHH90000021: Encountered deprecated setting [javax.persistence.sharedCache.mode], use [jakarta.persistence.sharedCache.mode] instead
2023-02-13T19:38:36.634+05:30  INFO 9500 --- [restartedMain] com.zaxxer.hikari.HikariDataSource       : HikariPool-37 - Starting...
2023-02-13T19:38:36.650+05:30  INFO 9500 --- [restartedMain] com.zaxxer.hikari.pool.HikariPool        : HikariPool-37 - Added connection com.mysql.cj.jdbc.ConnectionImpl@1aca590c
2023-02-13T19:38:36.650+05:30  INFO 9500 --- [restartedMain] com.zaxxer.hikari.HikariDataSource       : HikariPool-37 - Start completed.
2023-02-13T19:38:36.653+05:30  INFO 9500 --- [restartedMain] SQL dialect                              : HHH000400: Using dialect: org.hibernate.dialect.MySQLDialect
2023-02-13T19:38:36.766+05:30  INFO 9500 --- [restartedMain] o.h.e.t.j.p.i.JtaPlatformInitiator       : HHH000490: Using JtaPlatform implementation: [org.hibernate.engine.transaction.jta.platform.internal.NoJtaPlatform]
2023-02-13T19:38:36.767+05:30  INFO 9500 --- [restartedMain] j.LocalContainerEntityManagerFactoryBean : Initialized JPA EntityManagerFactory for persistence unit 'default'
2023-02-13T19:38:36.936+05:30  WARN 9500 --- [restartedMain] JpaBaseConfiguration$JpaWebConfiguration : spring.jpa.open-in-view is enabled by default. Therefore, database queries may be performed during view rendering. Explicitly configure spring.jpa.open-in-view to disable this warning
2023-02-13T19:38:36.993+05:30  WARN 9500 --- [restartedMain] ion$DefaultTemplateResolverConfiguration : Cannot find template location: classpath:/templates/ (please add some templates, check your Thymeleaf configuration, or set spring.thymeleaf.check-template-location=false)
2023-02-13T19:38:37.015+05:30  INFO 9500 --- [restartedMain] o.s.b.d.a.OptionalLiveReloadServer       : LiveReload server is running on port 35729
2023-02-13T19:38:37.023+05:30  INFO 9500 --- [restartedMain] o.s.b.w.embedded.tomcat.TomcatWebServer  : Tomcat started on port(s): 8080 (http) with context path ''
2023-02-13T19:38:37.026+05:30  INFO 9500 --- [restartedMain] c.s.springboot.SpringbootApplication     : Started SpringbootApplication in 0.721 seconds (process running for 6456.786)
2023-02-13T19:38:37.027+05:30  INFO 9500 --- [restartedMain] .ConditionEvaluationDeltaLoggingListener : Condition evaluation unchanged
2023-02-13T19:38:56.894+05:30  INFO 9500 --- [File Watcher] rtingClassPathChangeChangedEventListener : Restarting due to 1 class path change (0 additions, 0 deletions, 1 modification)
2023-02-13T19:38:56.929+05:30  INFO 9500 --- [Thread-140] o.apache.catalina.core.StandardService   : Stopping service [Tomcat]
2023-02-13T19:38:56.935+05:30  INFO 9500 --- [Thread-140] j.LocalContainerEntityManagerFactoryBean : Closing JPA EntityManagerFactory for persistence unit 'default'
2023-02-13T19:38:56.936+05:30  INFO 9500 --- [Thread-140] com.zaxxer.hikari.HikariDataSource       : HikariPool-37 - Shutdown initiated...
2023-02-13T19:38:56.942+05:30  INFO 9500 --- [Thread-140] com.zaxxer.hikari.HikariDataSource       : HikariPool-37 - Shutdown completed.
